2016-09-23 17:54:42 Workerman[start.php] Stopping ...
2016-09-23 17:54:44 Workerman[start.php] has been stopped
2016-09-23 18:06:43 Workerman[start.php] start in DEBUG mode
2016-09-23 18:06:45 Workerman[start.php] Stopping ...
2016-09-23 18:06:47 worker[none:3427] exit with status 9
2016-09-23 18:06:47 Workerman[start.php] has been stopped
2016-09-23 18:15:43 Workerman[start.php] start in DEBUG mode
2016-09-23 18:17:04 Workerman[start.php] Stopping ...
2016-09-23 18:17:06 worker[none:3431] exit with status 9
2016-09-23 18:17:06 Workerman[start.php] has been stopped
2016-09-23 18:35:46 Workerman[start.php] start in DEBUG mode
2016-09-26 10:13:01 WORKER EXIT UNEXPECTED 
2016-09-26 11:17:48 Workerman[start.php] start in DEBUG mode
2016-09-29 08:54:19 WORKER EXIT UNEXPECTED 
2016-10-18 16:42:03 Workerman[start.php] start in DEBUG mode
2016-12-06 09:39:53 Workerman[start.php] start in DEBUG mode
2016-12-06 09:42:14 Workerman[start.php] start in DEBUG mode
2016-12-06 10:10:55 Workerman[start.php] Stopping ...
2016-12-06 10:10:57 worker[none:2307] exit with status 9
2016-12-06 10:10:57 Workerman[start.php] has been stopped
2016-12-06 10:11:01 Workerman[start.php] start in DEBUG mode
2016-12-06 10:38:45 Workerman[start.php] Stopping ...
2016-12-06 10:38:47 worker[none:2347] exit with status 9
2016-12-06 10:38:47 Workerman[start.php] has been stopped
2016-12-06 10:38:50 Workerman[start.php] start in DEBUG mode
2016-12-06 10:40:38 Workerman[start.php] Stopping ...
2016-12-06 10:40:39 Workerman[start.php] has been stopped
2016-12-06 10:40:42 Workerman[start.php] start in DEBUG mode
2016-12-06 10:42:48 Workerman[start.php] Stopping ...
2016-12-06 10:42:50 Workerman[start.php] has been stopped
2016-12-06 10:42:52 Workerman[start.php] start in DEBUG mode
2016-12-06 10:45:27 Workerman[start.php] Stopping ...
2016-12-06 10:45:29 worker[none:2570] exit with status 9
2016-12-06 10:45:29 Workerman[start.php] has been stopped
2016-12-06 10:45:32 Workerman[start.php] start in DEBUG mode
2016-12-06 10:49:35 Workerman[start.php] Stopping ...
2016-12-06 10:49:37 Workerman[start.php] has been stopped
2016-12-06 10:49:40 Workerman[start.php] start in DEBUG mode
2016-12-06 10:53:57 Workerman[start.php] Stopping ...
2016-12-06 10:53:59 worker[none:2590] exit with status 9
2016-12-06 10:53:59 Workerman[start.php] has been stopped
2016-12-06 10:54:02 Workerman[start.php] start in DEBUG mode
2016-12-09 09:19:06 Workerman[start.php] Stopping ...
2016-12-09 09:19:07 Workerman[start.php] Stopping ...
2016-12-09 09:19:07 Workerman[start.php] Stopping ...
2016-12-09 09:19:08 worker[none:2601] exit with status 9
2016-12-09 09:19:08 Workerman[start.php] has been stopped
2016-12-09 09:20:11 Workerman[start.php] start in DEBUG mode
2016-12-09 09:29:13 Workerman[start.php] Stopping ...
2016-12-09 09:29:15 worker[none:32628] exit with status 9
2016-12-09 09:29:15 Workerman[start.php] has been stopped
2016-12-09 09:29:19 Workerman[start.php] start in DEBUG mode
2016-12-09 09:33:16 Workerman[start.php] Stopping ...
2016-12-09 09:33:18 worker[none:8503] exit with status 9
2016-12-09 09:33:18 Workerman[start.php] has been stopped
2016-12-09 09:33:25 Workerman[start.php] start in DEBUG mode
2016-12-09 09:35:17 Workerman[start.php] Stopping ...
2016-12-09 09:35:19 worker[none:12217] exit with status 9
2016-12-09 09:35:19 Workerman[start.php] has been stopped
2016-12-09 09:35:26 Workerman[start.php] start in DEBUG mode
2016-12-09 09:41:33 Workerman[start.php] Stopping ...
2016-12-09 09:41:35 Workerman[start.php] has been stopped
2016-12-09 09:41:44 Workerman[start.php] start in DEBUG mode
